# configure exec: ./configure --prefix=/mnt/d/ArielKafka/node_modules/node-rdkafka/build/deps --libdir=/mnt/d/ArielKafka/node_modules/node-rdkafka/build/deps --prefix=/mnt/d/ArielKafka/node_modules/node-rdkafka/build/deps --libdir=/mnt/d/ArielKafka/node_modules/node-rdkafka/build/deps
# On Fri Feb 25 02:50:11 IST 2022
DBG 19916: Setting distro (distro) status to ok (action ignore)
DBG 19916: ccenv: WITH_CC:  --version failed: mklove/modules/configure.base: line 1761: --version: command not found
DBG 19916: Setting ccenv (ccenv) status to failed (action cont)
DBG 19916: Check ccenv (WITH_CC, action cont (originally cont)) failed: command ' --version' failed:
mklove/modules/configure.base: line 1761: --version: command not found
DBG 19916: Setting gcc (gcc) status to ok (action cont)
DBG 19916: cxxenv: WITH_CXX:  --version failed: mklove/modules/configure.base: line 1761: --version: command not found
DBG 19916: Setting cxxenv (cxxenv) status to failed (action cont)
DBG 19916: Check cxxenv (WITH_CXX, action cont (originally cont)) failed: command ' --version' failed:
mklove/modules/configure.base: line 1761: --version: command not found
DBG 19916: Setting gxx (gxx) status to ok (action cont)
DBG 19916: Setting ld (ld) status to ok (action disable)
DBG 19916: Setting nm (nm) status to ok (action disable)
DBG 19916: Setting objdump (objdump) status to ok (action disable)
DBG 19916: Setting strip (strip) status to ok (action disable)
DBG 19916: libtool: : libtool is not executable: 
DBG 19916: Setting libtool (libtool) status to failed (action disable)
DBG 19916: Check libtool (, action disable (originally disable)) failed: libtool is not executable
DBG 19916: Setting ranlib (ranlib) status to ok (action disable)
DBG 19916: pkgconfig: WITH_PKGCONFIG: pkg-config --version failed: mklove/modules/configure.base: line 1761: pkg-config: command not found
DBG 19916: Setting pkgconfig (pkgconfig) status to failed (action cont)
DBG 19916: Check pkgconfig (WITH_PKGCONFIG, action cont (originally cont)) failed: command 'pkg-config --version' failed:
mklove/modules/configure.base: line 1761: pkg-config: command not found
DBG 19916: Setting install (install) status to ok (action cont)
DBG 19916: Compile check PIC (HAVE_PIC) (sub=0): gcc  -g -O2 -Wall -Werror _mkltmpK2BiRF.c -o _mkltmpK2BiRF.c.o  -L/mnt/d/ArielKafka/node_modules/node-rdkafka/build/deps -fPIC
DBG 19916: Setting PIC (PIC) status to ok (action disable)
DBG 19916: Compile check gnulib (WITH_GNULD) (sub=0): gcc  -g -O2 -fPIC -Wall -Werror _mkltmp862gDP.c -o _mkltmp862gDP.c.o  -L/mnt/d/ArielKafka/node_modules/node-rdkafka/build/deps -shared -Wl,-soname,mkltest.0
DBG 19916: Setting gnulib (gnulib) status to ok (action cont)
DBG 19916: Compile check ldsflagvs () (sub=0): gcc  -g -O2 -fPIC -Wall -Werror _mkltmp1Nda0u.c -o _mkltmp1Nda0u.c.o  -L/mnt/d/ArielKafka/node_modules/node-rdkafka/build/deps -shared -Wl,--version-script=_mkltmpjvgXb9
DBG 19916: Setting ldsflagvs (ldsflagvs) status to ok (action cont)
DBG 19916: Compile check __atomic_32 (HAVE_ATOMICS_32) (sub=0): gcc  -g -O2 -fPIC -Wall -Werror _mkltmp9xNeP0.c -o _mkltmp9xNeP0.c.o  -L/mnt/d/ArielKafka/node_modules/node-rdkafka/build/deps 
DBG 19916: Setting __atomic_32 (__atomic_32) status to ok (action cont)
DBG 19916: Compile check __atomic_64 (HAVE_ATOMICS_64) (sub=0): gcc  -g -O2 -fPIC -Wall -Werror _mkltmpvDSKxs.c -o _mkltmpvDSKxs.c.o  -L/mnt/d/ArielKafka/node_modules/node-rdkafka/build/deps 
DBG 19916: Setting __atomic_64 (__atomic_64) status to ok (action cont)
DBG 19916: Compile check socket () (sub=0): gcc  -g -O2 -fPIC -Wall -Wsign-compare -Wfloat-equal -Wpointer-arith -Wcast-align -Wall -Werror _mkltmpUoCBL4.c -o _mkltmpUoCBL4.c.o  -L/mnt/d/ArielKafka/node_modules/node-rdkafka/build/deps 
DBG 19916: Setting socket (socket) status to ok (action cont)
DBG 19916: Setting parseversion (parseversion) status to ok (action cont)
DBG 19916: librt: Check for static library (libs -lrt, arfile variable STATIC_LIB_librt=, static filenames )
DBG 19916: Compile check librt () (sub=0): gcc  -g -O2 -fPIC -Wall -Wsign-compare -Wfloat-equal -Wpointer-arith -Wcast-align -Wall -Werror _mkltmpqeZ2cZ.c -o _mkltmpqeZ2cZ.c.o  -L/mnt/d/ArielKafka/node_modules/node-rdkafka/build/deps -lrt
DBG 19916: Setting librt (librt) status to ok (action cont)
DBG 19916: librt: from lib_check: LIBS: prepend -lrt
DBG 19916: libpthread: Check for static library (libs -lpthread, arfile variable STATIC_LIB_libpthread=, static filenames )
DBG 19916: Compile check libpthread () (sub=0): gcc  -g -O2 -fPIC -Wall -Wsign-compare -Wfloat-equal -Wpointer-arith -Wcast-align -Wall -Werror _mkltmpMdEmk7.c -o _mkltmpMdEmk7.c.o  -L/mnt/d/ArielKafka/node_modules/node-rdkafka/build/deps -lpthread
DBG 19916: Setting libpthread (libpthread) status to ok (action fail)
DBG 19916: libpthread: from lib_check: LIBS: prepend -lpthread
DBG 19916: c11threads: Check for static library (libs -lpthread -lrt, arfile variable STATIC_LIB_c11threads=, static filenames )
DBG 19916: Compile check c11threads (WITH_C11THREADS) (sub=0): gcc  -g -O2 -fPIC -Wall -Wsign-compare -Wfloat-equal -Wpointer-arith -Wcast-align -Wall -Werror _mkltmpu2tUK0.c -o _mkltmpu2tUK0.c.o  -L/mnt/d/ArielKafka/node_modules/node-rdkafka/build/deps -lpthread -lrt
DBG 19916: compile check for c11threads (WITH_C11THREADS) failed: gcc  -g -O2 -fPIC -Wall -Wsign-compare -Wfloat-equal -Wpointer-arith -Wcast-align -Wall -Werror _mkltmpu2tUK0.c -o _mkltmpu2tUK0.c.o  -L/mnt/d/ArielKafka/node_modules/node-rdkafka/build/deps -lpthread -lrt: _mkltmpu2tUK0.c:2:10: fatal error: threads.h: No such file or directory
 #include <threads.h>
          ^~~~~~~~~~~
compilation terminated.
DBG 19916: Setting c11threads (c11threads) status to failed (action disable)
DBG 19916: Check c11threads (WITH_C11THREADS, action disable (originally disable)) failed: compile check failed:
CC: CC
flags: -lpthread -lrt
gcc  -g -O2 -fPIC -Wall -Wsign-compare -Wfloat-equal -Wpointer-arith -Wcast-align -Wall -Werror _mkltmpu2tUK0.c -o _mkltmpu2tUK0.c.o  -L/mnt/d/ArielKafka/node_modules/node-rdkafka/build/deps -lpthread -lrt:
_mkltmpu2tUK0.c:2:10: fatal error: threads.h: No such file or directory
 #include <threads.h>
          ^~~~~~~~~~~
compilation terminated.
source: 
#include <threads.h>


static int start_func (void *arg) {
   int iarg = *(int *)arg;
   return iarg;
}

void foo (void) {
    thrd_t thr;
    int arg = 1;
    if (thrd_create(&thr, start_func, (void *)&arg) != thrd_success) {
      ;
    }
}

DBG 19916: libdl: Check for static library (libs -ldl, arfile variable STATIC_LIB_libdl=, static filenames )
DBG 19916: Compile check libdl (WITH_LIBDL) (sub=0): gcc  -g -O2 -fPIC -Wall -Wsign-compare -Wfloat-equal -Wpointer-arith -Wcast-align -Wall -Werror _mkltmppygVM4.c -o _mkltmppygVM4.c.o  -L/mnt/d/ArielKafka/node_modules/node-rdkafka/build/deps -ldl
DBG 19916: Setting libdl (libdl) status to ok (action disable)
DBG 19916: libdl: from lib_check: LIBS: prepend -ldl
DBG 19916: zlib: Check for static library (libs -lz, arfile variable STATIC_LIB_zlib=, static filenames libz.a)
DBG 19916: Compile check zlib (WITH_ZLIB) (sub=0): gcc  -g -O2 -fPIC -Wall -Wsign-compare -Wfloat-equal -Wpointer-arith -Wcast-align -Wall -Werror _mkltmp7T3I3Q.c -o _mkltmp7T3I3Q.c.o  -L/mnt/d/ArielKafka/node_modules/node-rdkafka/build/deps -lz
DBG 19916: compile check for zlib (WITH_ZLIB) failed: gcc  -g -O2 -fPIC -Wall -Wsign-compare -Wfloat-equal -Wpointer-arith -Wcast-align -Wall -Werror _mkltmp7T3I3Q.c -o _mkltmp7T3I3Q.c.o  -L/mnt/d/ArielKafka/node_modules/node-rdkafka/build/deps -lz: _mkltmp7T3I3Q.c:2:10: fatal error: zlib.h: No such file or directory
 #include <zlib.h>
          ^~~~~~~~
compilation terminated.
DBG 19916: Setting zlib (zlib) status to failed (action disable)
DBG 19916: Check zlib (WITH_ZLIB, action disable (originally disable)) failed: compile check failed:
CC: CC
flags: -lz
gcc  -g -O2 -fPIC -Wall -Wsign-compare -Wfloat-equal -Wpointer-arith -Wcast-align -Wall -Werror _mkltmp7T3I3Q.c -o _mkltmp7T3I3Q.c.o  -L/mnt/d/ArielKafka/node_modules/node-rdkafka/build/deps -lz:
_mkltmp7T3I3Q.c:2:10: fatal error: zlib.h: No such file or directory
 #include <zlib.h>
          ^~~~~~~~
compilation terminated.
source: 
#include <zlib.h>

void foo (void) {
     z_stream *p = NULL;
     inflate(p, 0);
}

DBG 19916: libcrypto: Check for static library (libs -lcrypto, arfile variable STATIC_LIB_libcrypto=, static filenames libcrypto.a)
DBG 19916: Compile check libcrypto () (sub=0): gcc  -g -O2 -fPIC -Wall -Wsign-compare -Wfloat-equal -Wpointer-arith -Wcast-align -Wall -Werror _mkltmpOwvqTZ.c -o _mkltmpOwvqTZ.c.o  -L/mnt/d/ArielKafka/node_modules/node-rdkafka/build/deps -lcrypto
DBG 19916: Setting libcrypto (libcrypto) status to ok (action disable)
DBG 19916: libcrypto: from lib_check: LIBS: prepend -lcrypto
DBG 19916: libssl: Check for static library (libs -lssl -lcrypto, arfile variable STATIC_LIB_libssl=, static filenames libssl.a)
DBG 19916: Compile check libssl (WITH_SSL) (sub=0): gcc  -g -O2 -fPIC -Wall -Wsign-compare -Wfloat-equal -Wpointer-arith -Wcast-align -Wall -Werror _mkltmpbq58ds.c -o _mkltmpbq58ds.c.o  -L/mnt/d/ArielKafka/node_modules/node-rdkafka/build/deps -lssl -lcrypto
DBG 19916: Setting libssl (libssl) status to ok (action disable)
DBG 19916: libssl: from lib_check: LIBS: prepend -lssl -lcrypto
DBG 19916: libsasl2: Check for static library (libs -lsasl2, arfile variable STATIC_LIB_libsasl2=, static filenames )
DBG 19916: Compile check libsasl2 (WITH_SASL_CYRUS) (sub=0): gcc  -g -O2 -fPIC -Wall -Wsign-compare -Wfloat-equal -Wpointer-arith -Wcast-align -Wall -Werror _mkltmpFAax7i.c -o _mkltmpFAax7i.c.o  -L/mnt/d/ArielKafka/node_modules/node-rdkafka/build/deps -lsasl2
DBG 19916: compile check for libsasl2 (WITH_SASL_CYRUS) failed: gcc  -g -O2 -fPIC -Wall -Wsign-compare -Wfloat-equal -Wpointer-arith -Wcast-align -Wall -Werror _mkltmpFAax7i.c -o _mkltmpFAax7i.c.o  -L/mnt/d/ArielKafka/node_modules/node-rdkafka/build/deps -lsasl2: _mkltmpFAax7i.c:3:10: fatal error: sasl/sasl.h: No such file or directory
 #include <sasl/sasl.h>
          ^~~~~~~~~~~~~
compilation terminated.
DBG 19916: Setting libsasl2 (libsasl2) status to failed (action disable)
DBG 19916: Check libsasl2 (WITH_SASL_CYRUS, action disable (originally disable)) failed: compile check failed:
CC: CC
flags: -lsasl2
gcc  -g -O2 -fPIC -Wall -Wsign-compare -Wfloat-equal -Wpointer-arith -Wcast-align -Wall -Werror _mkltmpFAax7i.c -o _mkltmpFAax7i.c.o  -L/mnt/d/ArielKafka/node_modules/node-rdkafka/build/deps -lsasl2:
_mkltmpFAax7i.c:3:10: fatal error: sasl/sasl.h: No such file or directory
 #include <sasl/sasl.h>
          ^~~~~~~~~~~~~
compilation terminated.
source: 
#include <stddef.h>
#include <sasl/sasl.h>

DBG 19916: libsasl: Check for static library (libs -lsasl, arfile variable STATIC_LIB_libsasl=, static filenames )
DBG 19916: Compile check libsasl (WITH_SASL_CYRUS) (sub=0): gcc  -g -O2 -fPIC -Wall -Wsign-compare -Wfloat-equal -Wpointer-arith -Wcast-align -Wall -Werror _mkltmpNBFd4m.c -o _mkltmpNBFd4m.c.o  -L/mnt/d/ArielKafka/node_modules/node-rdkafka/build/deps -lsasl
DBG 19916: compile check for libsasl (WITH_SASL_CYRUS) failed: gcc  -g -O2 -fPIC -Wall -Wsign-compare -Wfloat-equal -Wpointer-arith -Wcast-align -Wall -Werror _mkltmpNBFd4m.c -o _mkltmpNBFd4m.c.o  -L/mnt/d/ArielKafka/node_modules/node-rdkafka/build/deps -lsasl: _mkltmpNBFd4m.c:3:10: fatal error: sasl/sasl.h: No such file or directory
 #include <sasl/sasl.h>
          ^~~~~~~~~~~~~
compilation terminated.
DBG 19916: Setting libsasl (libsasl) status to failed (action disable)
DBG 19916: Check libsasl (WITH_SASL_CYRUS, action disable (originally disable)) failed: compile check failed:
CC: CC
flags: -lsasl
gcc  -g -O2 -fPIC -Wall -Wsign-compare -Wfloat-equal -Wpointer-arith -Wcast-align -Wall -Werror _mkltmpNBFd4m.c -o _mkltmpNBFd4m.c.o  -L/mnt/d/ArielKafka/node_modules/node-rdkafka/build/deps -lsasl:
_mkltmpNBFd4m.c:3:10: fatal error: sasl/sasl.h: No such file or directory
 #include <sasl/sasl.h>
          ^~~~~~~~~~~~~
compilation terminated.
source: 
#include <stddef.h>
#include <sasl/sasl.h>

DBG 19916: libzstd: Check for static library (libs -lzstd, arfile variable STATIC_LIB_libzstd=, static filenames libzstd.a)
DBG 19916: Compile check libzstd (WITH_ZSTD) (sub=0): gcc  -g -O2 -fPIC -Wall -Wsign-compare -Wfloat-equal -Wpointer-arith -Wcast-align -Wall -Werror _mkltmpaAwwHH.c -o _mkltmpaAwwHH.c.o  -L/mnt/d/ArielKafka/node_modules/node-rdkafka/build/deps -lzstd
DBG 19916: compile check for libzstd (WITH_ZSTD) failed: gcc  -g -O2 -fPIC -Wall -Wsign-compare -Wfloat-equal -Wpointer-arith -Wcast-align -Wall -Werror _mkltmpaAwwHH.c -o _mkltmpaAwwHH.c.o  -L/mnt/d/ArielKafka/node_modules/node-rdkafka/build/deps -lzstd: _mkltmpaAwwHH.c:2:10: fatal error: zstd.h: No such file or directory
 #include <zstd.h>
          ^~~~~~~~
compilation terminated.
DBG 19916: Setting libzstd (libzstd) status to failed (action disable)
DBG 19916: Check libzstd (WITH_ZSTD, action disable (originally disable)) failed: compile check failed:
CC: CC
flags: -lzstd
gcc  -g -O2 -fPIC -Wall -Wsign-compare -Wfloat-equal -Wpointer-arith -Wcast-align -Wall -Werror _mkltmpaAwwHH.c -o _mkltmpaAwwHH.c.o  -L/mnt/d/ArielKafka/node_modules/node-rdkafka/build/deps -lzstd:
_mkltmpaAwwHH.c:2:10: fatal error: zstd.h: No such file or directory
 #include <zstd.h>
          ^~~~~~~~
compilation terminated.
source: 
#include <zstd.h>
#include <zstd_errors.h>

void foo (void) {
     ZSTD_getFrameContentSize(NULL, 0);
}

DBG 19916: libm: Check for static library (libs -lm, arfile variable STATIC_LIB_libm=, static filenames )
DBG 19916: Compile check libm () (sub=0): gcc  -g -O2 -fPIC -Wall -Wsign-compare -Wfloat-equal -Wpointer-arith -Wcast-align -Wall -Werror _mkltmpXvpoTB.c -o _mkltmpXvpoTB.c.o  -L/mnt/d/ArielKafka/node_modules/node-rdkafka/build/deps -lm
DBG 19916: Setting libm (libm) status to ok (action disable)
DBG 19916: libm: from lib_check: LIBS: prepend -lm
DBG 19916: liblz4: Check for static library (libs -llz4, arfile variable STATIC_LIB_liblz4=, static filenames liblz4.a)
DBG 19916: Compile check liblz4 (WITH_LZ4_EXT) (sub=0): gcc  -g -O2 -fPIC -Wall -Wsign-compare -Wfloat-equal -Wpointer-arith -Wcast-align -Wall -Werror _mkltmp09SWab.c -o _mkltmp09SWab.c.o  -L/mnt/d/ArielKafka/node_modules/node-rdkafka/build/deps -llz4
DBG 19916: compile check for liblz4 (WITH_LZ4_EXT) failed: gcc  -g -O2 -fPIC -Wall -Wsign-compare -Wfloat-equal -Wpointer-arith -Wcast-align -Wall -Werror _mkltmp09SWab.c -o _mkltmp09SWab.c.o  -L/mnt/d/ArielKafka/node_modules/node-rdkafka/build/deps -llz4: _mkltmp09SWab.c:1:10: fatal error: lz4frame.h: No such file or directory
 #include <lz4frame.h>
          ^~~~~~~~~~~~
compilation terminated.
DBG 19916: Setting liblz4 (liblz4) status to failed (action disable)
DBG 19916: Check liblz4 (WITH_LZ4_EXT, action disable (originally disable)) failed: compile check failed:
CC: CC
flags: -llz4
gcc  -g -O2 -fPIC -Wall -Wsign-compare -Wfloat-equal -Wpointer-arith -Wcast-align -Wall -Werror _mkltmp09SWab.c -o _mkltmp09SWab.c.o  -L/mnt/d/ArielKafka/node_modules/node-rdkafka/build/deps -llz4:
_mkltmp09SWab.c:1:10: fatal error: lz4frame.h: No such file or directory
 #include <lz4frame.h>
          ^~~~~~~~~~~~
compilation terminated.
source: #include <lz4frame.h>
DBG 19916: Compile check syslog (WITH_SYSLOG) (sub=0): gcc  -g -O2 -fPIC -Wall -Wsign-compare -Wfloat-equal -Wpointer-arith -Wcast-align -Wall -Werror _mkltmpBJszPX.c -o _mkltmpBJszPX.c.o  -L/mnt/d/ArielKafka/node_modules/node-rdkafka/build/deps 
DBG 19916: Setting syslog (syslog) status to ok (action disable)
DBG 19916: Compile check rapidjson (WITH_RAPIDJSON) (sub=0): g++  -g -O2 -fPIC -Wall -Wsign-compare -Wfloat-equal -Wpointer-arith -Wcast-align -Wall -Werror _mkltmpTXybOG.cpp -o _mkltmpTXybOG.cpp.o  -L/mnt/d/ArielKafka/node_modules/node-rdkafka/build/deps 
DBG 19916: compile check for rapidjson (WITH_RAPIDJSON) failed: g++  -g -O2 -fPIC -Wall -Wsign-compare -Wfloat-equal -Wpointer-arith -Wcast-align -Wall -Werror _mkltmpTXybOG.cpp -o _mkltmpTXybOG.cpp.o  -L/mnt/d/ArielKafka/node_modules/node-rdkafka/build/deps : _mkltmpTXybOG.cpp:1:10: fatal error: rapidjson/schema.h: No such file or directory
 #include <rapidjson/schema.h>
          ^~~~~~~~~~~~~~~~~~~~
compilation terminated.
DBG 19916: Setting rapidjson (rapidjson) status to failed (action disable)
DBG 19916: Check rapidjson (WITH_RAPIDJSON, action disable (originally disable)) failed: compile check failed:
CC: CXX
flags: 
g++  -g -O2 -fPIC -Wall -Wsign-compare -Wfloat-equal -Wpointer-arith -Wcast-align -Wall -Werror _mkltmpTXybOG.cpp -o _mkltmpTXybOG.cpp.o  -L/mnt/d/ArielKafka/node_modules/node-rdkafka/build/deps :
_mkltmpTXybOG.cpp:1:10: fatal error: rapidjson/schema.h: No such file or directory
 #include <rapidjson/schema.h>
          ^~~~~~~~~~~~~~~~~~~~
compilation terminated.
source: #include <rapidjson/schema.h>
DBG 19916: Compile check crc32chw (WITH_CRC32C_HW) (sub=0): gcc  -g -O2 -fPIC -Wall -Wsign-compare -Wfloat-equal -Wpointer-arith -Wcast-align -Wall -Werror _mkltmpbQLdxb.c -o _mkltmpbQLdxb.c.o  -L/mnt/d/ArielKafka/node_modules/node-rdkafka/build/deps 
DBG 19916: Setting crc32chw (crc32chw) status to ok (action disable)
DBG 19916: Compile check regex (HAVE_REGEX) (sub=0): gcc  -g -O2 -fPIC -Wall -Wsign-compare -Wfloat-equal -Wpointer-arith -Wcast-align -Wall -Werror _mkltmph0oEED.c -o _mkltmph0oEED.c.o  -L/mnt/d/ArielKafka/node_modules/node-rdkafka/build/deps 
DBG 19916: Setting regex (regex) status to ok (action disable)
DBG 19916: Compile check rand_r (HAVE_RAND_R) (sub=0): gcc  -g -O2 -fPIC -Wall -Wsign-compare -Wfloat-equal -Wpointer-arith -Wcast-align -Wall -Werror _mkltmpgm4aec.c -o _mkltmpgm4aec.c.o  -L/mnt/d/ArielKafka/node_modules/node-rdkafka/build/deps 
DBG 19916: Setting rand_r (rand_r) status to ok (action disable)
DBG 19916: Compile check strndup (HAVE_STRNDUP) (sub=0): gcc  -g -O2 -fPIC -Wall -Wsign-compare -Wfloat-equal -Wpointer-arith -Wcast-align -Wall -Werror _mkltmpWQgsyS.c -o _mkltmpWQgsyS.c.o  -L/mnt/d/ArielKafka/node_modules/node-rdkafka/build/deps 
DBG 19916: Setting strndup (strndup) status to ok (action disable)
DBG 19916: Compile check strlcpy (HAVE_STRLCPY) (sub=0): gcc  -g -O2 -fPIC -Wall -Wsign-compare -Wfloat-equal -Wpointer-arith -Wcast-align -Wall -Werror _mkltmpFfFLjP.c -o _mkltmpFfFLjP.c.o  -L/mnt/d/ArielKafka/node_modules/node-rdkafka/build/deps 
DBG 19916: compile check for strlcpy (HAVE_STRLCPY) failed: gcc  -g -O2 -fPIC -Wall -Wsign-compare -Wfloat-equal -Wpointer-arith -Wcast-align -Wall -Werror _mkltmpFfFLjP.c -o _mkltmpFfFLjP.c.o  -L/mnt/d/ArielKafka/node_modules/node-rdkafka/build/deps : _mkltmpFfFLjP.c: In function ‘foo’:
_mkltmpFfFLjP.c:6:11: error: implicit declaration of function ‘strlcpy’; did you mean ‘strncpy’? [-Werror=implicit-function-declaration]
    return strlcpy(dest, "something", sizeof(dest));
           ^~~~~~~
           strncpy
cc1: all warnings being treated as errors
DBG 19916: Setting strlcpy (strlcpy) status to failed (action disable)
DBG 19916: Check strlcpy (HAVE_STRLCPY, action disable (originally disable)) failed: compile check failed:
CC: CC
flags: 
gcc  -g -O2 -fPIC -Wall -Wsign-compare -Wfloat-equal -Wpointer-arith -Wcast-align -Wall -Werror _mkltmpFfFLjP.c -o _mkltmpFfFLjP.c.o  -L/mnt/d/ArielKafka/node_modules/node-rdkafka/build/deps :
_mkltmpFfFLjP.c: In function ‘foo’:
_mkltmpFfFLjP.c:6:11: error: implicit declaration of function ‘strlcpy’; did you mean ‘strncpy’? [-Werror=implicit-function-declaration]
    return strlcpy(dest, "something", sizeof(dest));
           ^~~~~~~
           strncpy
cc1: all warnings being treated as errors
source: 
#define _DARWIN_C_SOURCE
#include <string.h>
int foo (void) {
    char dest[4];
   return strlcpy(dest, "something", sizeof(dest));
}
DBG 19916: Compile check strerror_r (HAVE_STRERROR_R) (sub=0): gcc  -g -O2 -fPIC -Wall -Wsign-compare -Wfloat-equal -Wpointer-arith -Wcast-align -Wall -Werror _mkltmpAVoipU.c -o _mkltmpAVoipU.c.o  -L/mnt/d/ArielKafka/node_modules/node-rdkafka/build/deps 
DBG 19916: Setting strerror_r (strerror_r) status to ok (action disable)
DBG 19916: Compile check strcasestr (HAVE_STRCASESTR) (sub=0): gcc  -g -O2 -fPIC -Wall -Wsign-compare -Wfloat-equal -Wpointer-arith -Wcast-align -Wall -Werror _mkltmpQ3ot0B.c -o _mkltmpQ3ot0B.c.o  -L/mnt/d/ArielKafka/node_modules/node-rdkafka/build/deps 
DBG 19916: Setting strcasestr (strcasestr) status to ok (action disable)
DBG 19916: Compile check pthread_setname_gnu (HAVE_PTHREAD_SETNAME_GNU) (sub=0): gcc  -g -O2 -fPIC -Wall -Wsign-compare -Wfloat-equal -Wpointer-arith -Wcast-align -Wall -Werror _mkltmp5GBRqS.c -o _mkltmp5GBRqS.c.o  -L/mnt/d/ArielKafka/node_modules/node-rdkafka/build/deps -D_GNU_SOURCE -lpthread
DBG 19916: Setting pthread_setname_gnu (pthread_setname_gnu) status to ok (action disable)
DBG 19916: Setting nm (nm) status to ok (action cont)
DBG 19916: Setting python3 (python3) status to ok (action disable)
DBG 19916: Compile check getrusage (HAVE_GETRUSAGE) (sub=0): gcc  -g -O2 -fPIC -Wall -Wsign-compare -Wfloat-equal -Wpointer-arith -Wcast-align -Wall -Werror _mkltmpxlW3RD.c -o _mkltmpxlW3RD.c.o  -L/mnt/d/ArielKafka/node_modules/node-rdkafka/build/deps 
DBG 19916: Setting getrusage (getrusage) status to ok (action disable)
